<?xml version="1.0" encoding="UTF-8"?>
<testsuite name="com.hyuryu.blog.BlogApplicationTests" tests="1" skipped="0" failures="0" errors="0" timestamp="2023-03-22T04:36:45" hostname="AL01972745.local" time="0.145">
  <properties/>
  <testcase name="contextLoads()" classname="com.hyuryu.blog.BlogApplicationTests" time="0.145"/>
  <system-out><![CDATA[13:36:39.773 [Test worker] DEBUG org.springframework.test.context.BootstrapUtils - Instantiating CacheAwareContextLoaderDelegate from class [org.springframework.test.context.cache.DefaultCacheAwareContextLoaderDelegate]
13:36:39.782 [Test worker] DEBUG org.springframework.test.context.BootstrapUtils - Instantiating BootstrapContext using constructor [public org.springframework.test.context.support.DefaultBootstrapContext(java.lang.Class,org.springframework.test.context.CacheAwareContextLoaderDelegate)]
13:36:39.827 [Test worker] DEBUG org.springframework.test.context.BootstrapUtils - Instantiating TestContextBootstrapper for test class [com.hyuryu.blog.BlogApplicationTests] from class [org.springframework.boot.test.context.SpringBootTestContextBootstrapper]
13:36:39.840 [Test worker] INFO org.springframework.boot.test.context.SpringBootTestContextBootstrapper - Neither @ContextConfiguration nor @ContextHierarchy found for test class [com.hyuryu.blog.BlogApplicationTests], using SpringBootContextLoader
13:36:39.844 [Test worker] DEBUG org.springframework.test.context.support.AbstractContextLoader - Did not detect default resource location for test class [com.hyuryu.blog.BlogApplicationTests]: class path resource [com/hyuryu/blog/BlogApplicationTests-context.xml] does not exist
13:36:39.846 [Test worker] DEBUG org.springframework.test.context.support.AbstractContextLoader - Did not detect default resource location for test class [com.hyuryu.blog.BlogApplicationTests]: class path resource [com/hyuryu/blog/BlogApplicationTestsContext.groovy] does not exist
13:36:39.846 [Test worker] INFO org.springframework.test.context.support.AbstractContextLoader - Could not detect default resource locations for test class [com.hyuryu.blog.BlogApplicationTests]: no resource found for suffixes {-context.xml, Context.groovy}.
13:36:39.847 [Test worker] INFO org.springframework.test.context.support.AnnotationConfigContextLoaderUtils - Could not detect default configuration classes for test class [com.hyuryu.blog.BlogApplicationTests]: BlogApplicationTests does not declare any static, non-private, non-final, nested classes annotated with @Configuration.
13:36:39.898 [Test worker] DEBUG org.springframework.test.context.support.ActiveProfilesUtils - Could not find an 'annotation declaring class' for annotation type [org.springframework.test.context.ActiveProfiles] and class [com.hyuryu.blog.BlogApplicationTests]
13:36:39.961 [Test worker] DEBUG org.springframework.context.annotation.ClassPathScanningCandidateComponentProvider - Identified candidate component class: file [/Users/user/Workspace-interview/blog/build/classes/java/main/com/hyuryu/blog/BlogApplication.class]
13:36:39.963 [Test worker] INFO org.springframework.boot.test.context.SpringBootTestContextBootstrapper - Found @SpringBootConfiguration com.hyuryu.blog.BlogApplication for test class com.hyuryu.blog.BlogApplicationTests
13:36:40.059 [Test worker] DEBUG org.springframework.boot.test.context.SpringBootTestContextBootstrapper - @TestExecutionListeners is not present for class [com.hyuryu.blog.BlogApplicationTests]: using defaults.
13:36:40.060 [Test worker] INFO org.springframework.boot.test.context.SpringBootTestContextBootstrapper - Loaded default TestExecutionListener class names from location [META-INF/spring.factories]: [org.springframework.boot.test.autoconfigure.restdocs.RestDocsTestExecutionListener, org.springframework.boot.test.autoconfigure.web.client.MockRestServiceServerResetTestExecutionListener, org.springframework.boot.test.autoconfigure.web.servlet.MockMvcPrintOnlyOnFailureTestExecutionListener, org.springframework.boot.test.autoconfigure.web.servlet.WebDriverTestExecutionListener, org.springframework.boot.test.autoconfigure.webservices.client.MockWebServiceServerTestExecutionListener, org.springframework.boot.test.mock.mockito.MockitoTestExecutionListener, org.springframework.boot.test.mock.mockito.ResetMocksTestExecutionListener, org.springframework.test.context.web.ServletTestExecutionListener, org.springframework.test.context.support.DirtiesContextBeforeModesTestExecutionListener, org.springframework.test.context.event.ApplicationEventsTestExecutionListener, org.springframework.test.context.support.DependencyInjectionTestExecutionListener, org.springframework.test.context.support.DirtiesContextTestExecutionListener, org.springframework.test.context.transaction.TransactionalTestExecutionListener, org.springframework.test.context.jdbc.SqlScriptsTestExecutionListener, org.springframework.test.context.event.EventPublishingTestExecutionListener]
13:36:40.071 [Test worker] INFO org.springframework.boot.test.context.SpringBootTestContextBootstrapper - Using TestExecutionListeners: [org.springframework.test.context.web.ServletTestExecutionListener@652fc617, org.springframework.test.context.support.DirtiesContextBeforeModesTestExecutionListener@18a7bb68, org.springframework.test.context.event.ApplicationEventsTestExecutionListener@5aa57d87, org.springframework.boot.test.mock.mockito.MockitoTestExecutionListener@7adbd1f7, org.springframework.boot.test.autoconfigure.SpringBootDependencyInjectionTestExecutionListener@615fbfc5, org.springframework.test.context.support.DirtiesContextTestExecutionListener@4406247d, org.springframework.test.context.transaction.TransactionalTestExecutionListener@35be303f, org.springframework.test.context.jdbc.SqlScriptsTestExecutionListener@114e0b16, org.springframework.test.context.event.EventPublishingTestExecutionListener@df32f6d, org.springframework.boot.test.autoconfigure.restdocs.RestDocsTestExecutionListener@7823d762, org.springframework.boot.test.autoconfigure.web.client.MockRestServiceServerResetTestExecutionListener@3cd82f91, org.springframework.boot.test.autoconfigure.web.servlet.MockMvcPrintOnlyOnFailureTestExecutionListener@5d2f95a7, org.springframework.boot.test.autoconfigure.web.servlet.WebDriverTestExecutionListener@49b35128, org.springframework.boot.test.autoconfigure.webservices.client.MockWebServiceServerTestExecutionListener@2f4d07bb, org.springframework.boot.test.mock.mockito.ResetMocksTestExecutionListener@52940164]
13:36:40.073 [Test worker] DEBUG org.springframework.test.context.support.AbstractDirtiesContextTestExecutionListener - Before test class: context [DefaultTestContext@557bb50f testClass = BlogApplicationTests, testInstance = [null], testMethod = [null], testException = [null], mergedContextConfiguration = [WebMergedContextConfiguration@1a3b43c1 testClass = BlogApplicationTests, locations = '{}', classes = '{class com.hyuryu.blog.BlogApplication}', contextInitializerClasses = '[]', activeProfiles = '{}', propertySourceLocations = '{}', propertySourceProperties = '{org.springframework.boot.test.context.SpringBootTestContextBootstrapper=true}', contextCustomizers = set[org.springframework.boot.test.autoconfigure.actuate.metrics.MetricsExportContextCustomizerFactory$DisableMetricExportContextCustomizer@4e91376c, org.springframework.boot.test.autoconfigure.properties.PropertyMappingContextCustomizer@0, org.springframework.boot.test.autoconfigure.web.servlet.WebDriverContextCustomizerFactory$Customizer@3b1e36f8, org.springframework.boot.test.context.filter.ExcludeFilterContextCustomizer@1735ebd1, org.springframework.boot.test.json.DuplicateJsonObjectContextCustomizerFactory$DuplicateJsonObjectContextCustomizer@69f938e8, org.springframework.boot.test.mock.mockito.MockitoContextCustomizer@0, org.springframework.boot.test.web.client.TestRestTemplateContextCustomizer@55e96a1c, org.springframework.boot.test.context.SpringBootTestArgs@1, org.springframework.boot.test.context.SpringBootTestWebEnvironment@4201e448], resourceBasePath = 'src/main/webapp', contextLoader = 'org.springframework.boot.test.context.SpringBootContextLoader', parent = [null]], attributes = map['org.springframework.test.context.web.ServletTestExecutionListener.activateListener' -> true]], class annotated with @DirtiesContext [false] with mode [null].

  .   ____          _            __ _ _
 /\\ / ___'_ __ _ _(_)_ __  __ _ \ \ \ \
( ( )\___ | '_ | '_| | '_ \/ _` | \ \ \ \
 \\/  ___)| |_)| | | | | || (_| |  ) ) ) )
  '  |____| .__|_| |_|_| |_\__, | / / / /
 =========|_|==============|___/=/_/_/_/
 :: Spring Boot ::                (v2.7.9)

2023-03-22 13:36:40.645  INFO 874 --- [    Test worker] com.hyuryu.blog.BlogApplicationTests     : Starting BlogApplicationTests using Java 11.0.15 on AL01972745.local with PID 874 (started by user in /Users/user/Workspace-interview/blog)
2023-03-22 13:36:40.648  INFO 874 --- [    Test worker] com.hyuryu.blog.BlogApplicationTests     : No active profile set, falling back to 1 default profile: "default"
2023-03-22 13:36:41.765  INFO 874 --- [    Test worker] .s.d.r.c.RepositoryConfigurationDelegate : Bootstrapping Spring Data JPA repositories in DEFAULT mode.
2023-03-22 13:36:41.833  INFO 874 --- [    Test worker] .s.d.r.c.RepositoryConfigurationDelegate : Finished Spring Data repository scanning in 62 ms. Found 1 JPA repository interfaces.
2023-03-22 13:36:42.761  INFO 874 --- [    Test worker] com.zaxxer.hikari.HikariDataSource       : HikariPool-1 - Starting...
2023-03-22 13:36:42.946  INFO 874 --- [    Test worker] com.zaxxer.hikari.HikariDataSource       : HikariPool-1 - Start completed.
2023-03-22 13:36:43.072  INFO 874 --- [    Test worker] o.hibernate.jpa.internal.util.LogHelper  : HHH000204: Processing PersistenceUnitInfo [name: default]
2023-03-22 13:36:43.124  INFO 874 --- [    Test worker] org.hibernate.Version                    : HHH000412: Hibernate ORM core version 5.6.15.Final
2023-03-22 13:36:43.275  INFO 874 --- [    Test worker] o.hibernate.annotations.common.Version   : HCANN000001: Hibernate Commons Annotations {5.1.2.Final}
2023-03-22 13:36:43.383  INFO 874 --- [    Test worker] org.hibernate.dialect.Dialect            : HHH000400: Using dialect: org.hibernate.dialect.H2Dialect
2023-03-22 13:36:43.889  INFO 874 --- [    Test worker] o.h.e.t.j.p.i.JtaPlatformInitiator       : HHH000490: Using JtaPlatform implementation: [org.hibernate.engine.transaction.jta.platform.internal.NoJtaPlatform]
2023-03-22 13:36:43.897  INFO 874 --- [    Test worker] j.LocalContainerEntityManagerFactoryBean : Initialized JPA EntityManagerFactory for persistence unit 'default'
2023-03-22 13:36:44.939  WARN 874 --- [    Test worker] JpaBaseConfiguration$JpaWebConfiguration : spring.jpa.open-in-view is enabled by default. Therefore, database queries may be performed during view rendering. Explicitly configure spring.jpa.open-in-view to disable this warning
2023-03-22 13:36:45.827  INFO 874 --- [    Test worker] com.hyuryu.blog.BlogApplicationTests     : Started BlogApplicationTests in 5.603 seconds (JVM running for 7.335)
]]></system-out>
  <system-err><![CDATA[]]></system-err>
</testsuite>
