<?xml version="1.0" encoding="UTF-8"?>
<testsuite name="com.hyuryu.blog.provider.KakaoBlogSearchProviderTest" tests="1" skipped="0" failures="0" errors="0" timestamp="2023-03-22T09:08:10" hostname="AL01972745.local" time="0.722">
  <properties/>
  <testcase name="카카오 블로그 검색 API 호출 테스트" classname="com.hyuryu.blog.provider.KakaoBlogSearchProviderTest" time="0.722"/>
  <system-out><![CDATA[18:08:08.356 [Test worker] DEBUG org.springframework.test.context.BootstrapUtils - Instantiating CacheAwareContextLoaderDelegate from class [org.springframework.test.context.cache.DefaultCacheAwareContextLoaderDelegate]
18:08:08.364 [Test worker] DEBUG org.springframework.test.context.BootstrapUtils - Instantiating BootstrapContext using constructor [public org.springframework.test.context.support.DefaultBootstrapContext(java.lang.Class,org.springframework.test.context.CacheAwareContextLoaderDelegate)]
18:08:08.409 [Test worker] DEBUG org.springframework.test.context.BootstrapUtils - Instantiating TestContextBootstrapper for test class [com.hyuryu.blog.provider.KakaoBlogSearchProviderTest] from class [org.springframework.boot.test.autoconfigure.web.client.RestClientTestContextBootstrapper]
18:08:08.428 [Test worker] INFO org.springframework.boot.test.autoconfigure.web.client.RestClientTestContextBootstrapper - Neither @ContextConfiguration nor @ContextHierarchy found for test class [com.hyuryu.blog.provider.KakaoBlogSearchProviderTest], using SpringBootContextLoader
18:08:08.432 [Test worker] DEBUG org.springframework.test.context.support.AbstractContextLoader - Did not detect default resource location for test class [com.hyuryu.blog.provider.KakaoBlogSearchProviderTest]: class path resource [com/hyuryu/blog/provider/KakaoBlogSearchProviderTest-context.xml] does not exist
18:08:08.436 [Test worker] DEBUG org.springframework.test.context.support.AbstractContextLoader - Did not detect default resource location for test class [com.hyuryu.blog.provider.KakaoBlogSearchProviderTest]: class path resource [com/hyuryu/blog/provider/KakaoBlogSearchProviderTestContext.groovy] does not exist
18:08:08.436 [Test worker] INFO org.springframework.test.context.support.AbstractContextLoader - Could not detect default resource locations for test class [com.hyuryu.blog.provider.KakaoBlogSearchProviderTest]: no resource found for suffixes {-context.xml, Context.groovy}.
18:08:08.436 [Test worker] INFO org.springframework.test.context.support.AnnotationConfigContextLoaderUtils - Could not detect default configuration classes for test class [com.hyuryu.blog.provider.KakaoBlogSearchProviderTest]: KakaoBlogSearchProviderTest does not declare any static, non-private, non-final, nested classes annotated with @Configuration.
18:08:08.550 [Test worker] DEBUG org.springframework.test.context.support.ActiveProfilesUtils - Could not find an 'annotation declaring class' for annotation type [org.springframework.test.context.ActiveProfiles] and class [com.hyuryu.blog.provider.KakaoBlogSearchProviderTest]
18:08:08.637 [Test worker] DEBUG org.springframework.context.annotation.ClassPathScanningCandidateComponentProvider - Identified candidate component class: file [/Users/user/Workspace-interview/blog/build/classes/java/main/com/hyuryu/blog/BlogApplication.class]
18:08:08.640 [Test worker] INFO org.springframework.boot.test.context.SpringBootTestContextBootstrapper - Found @SpringBootConfiguration com.hyuryu.blog.BlogApplication for test class com.hyuryu.blog.provider.KakaoBlogSearchProviderTest
18:08:08.646 [Test worker] DEBUG org.springframework.boot.test.autoconfigure.web.client.RestClientTestContextBootstrapper - @TestExecutionListeners is not present for class [com.hyuryu.blog.provider.KakaoBlogSearchProviderTest]: using defaults.
18:08:08.647 [Test worker] INFO org.springframework.boot.test.autoconfigure.web.client.RestClientTestContextBootstrapper - Loaded default TestExecutionListener class names from location [META-INF/spring.factories]: [org.springframework.boot.test.autoconfigure.restdocs.RestDocsTestExecutionListener, org.springframework.boot.test.autoconfigure.web.client.MockRestServiceServerResetTestExecutionListener, org.springframework.boot.test.autoconfigure.web.servlet.MockMvcPrintOnlyOnFailureTestExecutionListener, org.springframework.boot.test.autoconfigure.web.servlet.WebDriverTestExecutionListener, org.springframework.boot.test.autoconfigure.webservices.client.MockWebServiceServerTestExecutionListener, org.springframework.boot.test.mock.mockito.MockitoTestExecutionListener, org.springframework.boot.test.mock.mockito.ResetMocksTestExecutionListener, org.springframework.test.context.web.ServletTestExecutionListener, org.springframework.test.context.support.DirtiesContextBeforeModesTestExecutionListener, org.springframework.test.context.event.ApplicationEventsTestExecutionListener, org.springframework.test.context.support.DependencyInjectionTestExecutionListener, org.springframework.test.context.support.DirtiesContextTestExecutionListener, org.springframework.test.context.transaction.TransactionalTestExecutionListener, org.springframework.test.context.jdbc.SqlScriptsTestExecutionListener, org.springframework.test.context.event.EventPublishingTestExecutionListener]
18:08:08.664 [Test worker] INFO org.springframework.boot.test.autoconfigure.web.client.RestClientTestContextBootstrapper - Using TestExecutionListeners: [org.springframework.test.context.web.ServletTestExecutionListener@2a6b09e0, org.springframework.test.context.support.DirtiesContextBeforeModesTestExecutionListener@423ecc6c, org.springframework.test.context.event.ApplicationEventsTestExecutionListener@3a0bb6c4, org.springframework.boot.test.mock.mockito.MockitoTestExecutionListener@29fab3a0, org.springframework.boot.test.autoconfigure.SpringBootDependencyInjectionTestExecutionListener@5b2c9b76, org.springframework.test.context.support.DirtiesContextTestExecutionListener@6fc571d3, org.springframework.test.context.transaction.TransactionalTestExecutionListener@81f5779, org.springframework.test.context.jdbc.SqlScriptsTestExecutionListener@74848269, org.springframework.test.context.event.EventPublishingTestExecutionListener@4bcc40a4, org.springframework.boot.test.autoconfigure.restdocs.RestDocsTestExecutionListener@fc3ebe7, org.springframework.boot.test.autoconfigure.web.client.MockRestServiceServerResetTestExecutionListener@7d95d1f9, org.springframework.boot.test.autoconfigure.web.servlet.MockMvcPrintOnlyOnFailureTestExecutionListener@2dd293e8, org.springframework.boot.test.autoconfigure.web.servlet.WebDriverTestExecutionListener@4323f96, org.springframework.boot.test.autoconfigure.webservices.client.MockWebServiceServerTestExecutionListener@14be7024, org.springframework.boot.test.mock.mockito.ResetMocksTestExecutionListener@47f77153]
18:08:08.671 [Test worker] DEBUG org.springframework.test.context.support.AbstractDirtiesContextTestExecutionListener - Before test class: context [DefaultTestContext@76f79b6d testClass = KakaoBlogSearchProviderTest, testInstance = [null], testMethod = [null], testException = [null], mergedContextConfiguration = [MergedContextConfiguration@da8995c testClass = KakaoBlogSearchProviderTest, locations = '{}', classes = '{class com.hyuryu.blog.BlogApplication}', contextInitializerClasses = '[]', activeProfiles = '{}', propertySourceLocations = '{}', propertySourceProperties = '{org.springframework.boot.test.autoconfigure.web.client.RestClientTestContextBootstrapper=true}', contextCustomizers = set[org.springframework.boot.test.autoconfigure.OverrideAutoConfigurationContextCustomizerFactory$DisableAutoConfigurationContextCustomizer@28e5e3f5, org.springframework.boot.test.autoconfigure.actuate.metrics.MetricsExportContextCustomizerFactory$DisableMetricExportContextCustomizer@a970746, org.springframework.boot.test.autoconfigure.filter.TypeExcludeFiltersContextCustomizer@a08f8b39, org.springframework.boot.test.autoconfigure.properties.PropertyMappingContextCustomizer@9f9817a2, org.springframework.boot.test.autoconfigure.web.servlet.WebDriverContextCustomizerFactory$Customizer@225796b3, [ImportsContextCustomizer@6559f697 key = [org.springframework.boot.autoconfigure.cache.CacheAutoConfiguration, org.springframework.boot.test.autoconfigure.web.client.WebClientRestTemplateAutoConfiguration, org.springframework.boot.autoconfigure.gson.GsonAutoConfiguration, org.springframework.boot.autoconfigure.http.HttpMessageConvertersAutoConfiguration, org.springframework.boot.autoconfigure.http.codec.CodecsAutoConfiguration, org.springframework.boot.autoconfigure.jackson.JacksonAutoConfiguration, org.springframework.boot.autoconfigure.jsonb.JsonbAutoConfiguration, org.springframework.boot.autoconfigure.web.client.RestTemplateAutoConfiguration, org.springframework.boot.autoconfigure.web.reactive.function.client.WebClientAutoConfiguration, org.springframework.boot.test.autoconfigure.web.client.MockRestServiceServerAutoConfiguration]], org.springframework.boot.test.context.filter.ExcludeFilterContextCustomizer@926792, org.springframework.boot.test.json.DuplicateJsonObjectContextCustomizerFactory$DuplicateJsonObjectContextCustomizer@9fd9b9b, org.springframework.boot.test.mock.mockito.MockitoContextCustomizer@0, org.springframework.boot.test.context.SpringBootTestArgs@1, org.springframework.boot.test.context.SpringBootTestWebEnvironment@0], contextLoader = 'org.springframework.boot.test.context.SpringBootContextLoader', parent = [null]], attributes = map[[empty]]], class annotated with @DirtiesContext [false] with mode [null].
18:08:08.709 [Test worker] DEBUG org.springframework.test.context.support.DependencyInjectionTestExecutionListener - Performing dependency injection for test context [[DefaultTestContext@76f79b6d testClass = KakaoBlogSearchProviderTest, testInstance = com.hyuryu.blog.provider.KakaoBlogSearchProviderTest@45478257, testMethod = [null], testException = [null], mergedContextConfiguration = [MergedContextConfiguration@da8995c testClass = KakaoBlogSearchProviderTest, locations = '{}', classes = '{class com.hyuryu.blog.BlogApplication}', contextInitializerClasses = '[]', activeProfiles = '{}', propertySourceLocations = '{}', propertySourceProperties = '{org.springframework.boot.test.autoconfigure.web.client.RestClientTestContextBootstrapper=true}', contextCustomizers = set[org.springframework.boot.test.autoconfigure.OverrideAutoConfigurationContextCustomizerFactory$DisableAutoConfigurationContextCustomizer@28e5e3f5, org.springframework.boot.test.autoconfigure.actuate.metrics.MetricsExportContextCustomizerFactory$DisableMetricExportContextCustomizer@a970746, org.springframework.boot.test.autoconfigure.filter.TypeExcludeFiltersContextCustomizer@a08f8b39, org.springframework.boot.test.autoconfigure.properties.PropertyMappingContextCustomizer@9f9817a2, org.springframework.boot.test.autoconfigure.web.servlet.WebDriverContextCustomizerFactory$Customizer@225796b3, [ImportsContextCustomizer@6559f697 key = [org.springframework.boot.autoconfigure.cache.CacheAutoConfiguration, org.springframework.boot.test.autoconfigure.web.client.WebClientRestTemplateAutoConfiguration, org.springframework.boot.autoconfigure.gson.GsonAutoConfiguration, org.springframework.boot.autoconfigure.http.HttpMessageConvertersAutoConfiguration, org.springframework.boot.autoconfigure.http.codec.CodecsAutoConfiguration, org.springframework.boot.autoconfigure.jackson.JacksonAutoConfiguration, org.springframework.boot.autoconfigure.jsonb.JsonbAutoConfiguration, org.springframework.boot.autoconfigure.web.client.RestTemplateAutoConfiguration, org.springframework.boot.autoconfigure.web.reactive.function.client.WebClientAutoConfiguration, org.springframework.boot.test.autoconfigure.web.client.MockRestServiceServerAutoConfiguration]], org.springframework.boot.test.context.filter.ExcludeFilterContextCustomizer@926792, org.springframework.boot.test.json.DuplicateJsonObjectContextCustomizerFactory$DuplicateJsonObjectContextCustomizer@9fd9b9b, org.springframework.boot.test.mock.mockito.MockitoContextCustomizer@0, org.springframework.boot.test.context.SpringBootTestArgs@1, org.springframework.boot.test.context.SpringBootTestWebEnvironment@0], contextLoader = 'org.springframework.boot.test.context.SpringBootContextLoader', parent = [null]], attributes = map['org.springframework.test.context.event.ApplicationEventsTestExecutionListener.recordApplicationEvents' -> false]]].

  .   ____          _            __ _ _
 /\\ / ___'_ __ _ _(_)_ __  __ _ \ \ \ \
( ( )\___ | '_ | '_| | '_ \/ _` | \ \ \ \
 \\/  ___)| |_)| | | | | || (_| |  ) ) ) )
  '  |____| .__|_| |_|_| |_\__, | / / / /
 =========|_|==============|___/=/_/_/_/
 :: Spring Boot ::                (v2.7.9)

2023-03-22 18:08:09.390  INFO 36959 --- [    Test worker] c.h.b.p.KakaoBlogSearchProviderTest      : Starting KakaoBlogSearchProviderTest using Java 11.0.15 on AL01972745.local with PID 36959 (started by user in /Users/user/Workspace-interview/blog)
2023-03-22 18:08:09.392  INFO 36959 --- [    Test worker] c.h.b.p.KakaoBlogSearchProviderTest      : No active profile set, falling back to 1 default profile: "default"
2023-03-22 18:08:10.393  INFO 36959 --- [    Test worker] c.h.b.p.KakaoBlogSearchProviderTest      : Started KakaoBlogSearchProviderTest in 1.568 seconds (JVM running for 3.376)
]]></system-out>
  <system-err><![CDATA[]]></system-err>
</testsuite>
